<?xml version="1.0" encoding="UTF-8"?>
<coverage generated="1582086697021" clover="3.2.0">
  <project timestamp="1582086697021" name="All files">
    <metrics statements="261" coveredstatements="189" conditionals="112" coveredconditionals="73" methods="51" coveredmethods="14" elements="424" coveredelements="276" complexity="0" loc="261" ncloc="261" packages="2" files="7" classes="7"/>
    <package name="components.answer">
      <metrics statements="146" coveredstatements="78" conditionals="60" coveredconditionals="25" methods="39" coveredmethods="2"/>
      <file name="AnswerInput.tsx" path="/Users/kenseikajiwara/fixed_issues_kajiwara_kensei/src/frontend/components/answer/AnswerInput.tsx">
        <metrics statements="15" coveredstatements="9" conditionals="16" coveredconditionals="6" methods="5" coveredmethods="0"/>
        <line num="4" count="1" type="stmt"/>
        <line num="6" count="1" type="stmt"/>
        <line num="9" count="1" type="stmt"/>
        <line num="26" count="1" type="stmt"/>
        <line num="27" count="0" type="stmt"/>
        <line num="29" count="0" type="stmt"/>
        <line num="34" count="0" type="cond" truecount="0" falsecount="2"/>
        <line num="40" count="0" type="stmt"/>
        <line num="45" count="0" type="cond" truecount="0" falsecount="2"/>
        <line num="58" count="1" type="cond" truecount="2" falsecount="0"/>
        <line num="60" count="1" type="cond" truecount="2" falsecount="0"/>
        <line num="85" count="1" type="cond" truecount="2" falsecount="0"/>
        <line num="95" count="0" type="cond" truecount="0" falsecount="2"/>
        <line num="108" count="1" type="stmt"/>
        <line num="112" count="1" type="stmt"/>
      </file>
      <file name="AnswerPage.tsx" path="/Users/kenseikajiwara/fixed_issues_kajiwara_kensei/src/frontend/components/answer/AnswerPage.tsx">
        <metrics statements="63" coveredstatements="37" conditionals="24" coveredconditionals="13" methods="17" coveredmethods="2"/>
        <line num="4" count="1" type="stmt"/>
        <line num="6" count="1" type="stmt"/>
        <line num="7" count="1" type="stmt"/>
        <line num="11" count="1" type="stmt"/>
        <line num="12" count="1" type="stmt"/>
        <line num="13" count="1" type="stmt"/>
        <line num="14" count="1" type="stmt"/>
        <line num="15" count="1" type="stmt"/>
        <line num="16" count="1" type="stmt"/>
        <line num="18" count="1" type="stmt"/>
        <line num="27" count="1" type="stmt"/>
        <line num="42" count="1" type="stmt"/>
        <line num="43" count="0" type="stmt"/>
        <line num="44" count="0" type="stmt"/>
        <line num="45" count="0" type="stmt"/>
        <line num="46" count="0" type="stmt"/>
        <line num="47" count="0" type="stmt"/>
        <line num="50" count="0" type="stmt"/>
        <line num="51" count="0" type="stmt"/>
        <line num="52" count="0" type="stmt"/>
        <line num="54" count="0" type="stmt"/>
        <line num="55" count="0" type="stmt"/>
        <line num="56" count="0" type="stmt"/>
        <line num="60" count="0" type="stmt"/>
        <line num="61" count="0" type="stmt"/>
        <line num="62" count="0" type="stmt"/>
        <line num="64" count="0" type="stmt"/>
        <line num="65" count="0" type="stmt"/>
        <line num="67" count="0" type="stmt"/>
        <line num="78" count="0" type="stmt"/>
        <line num="80" count="0" type="stmt"/>
        <line num="81" count="0" type="stmt"/>
        <line num="90" count="0" type="stmt"/>
        <line num="91" count="0" type="stmt"/>
        <line num="92" count="0" type="stmt"/>
        <line num="129" count="0" type="stmt"/>
        <line num="156" count="1" type="stmt"/>
        <line num="157" count="3" type="stmt"/>
        <line num="158" count="3" type="stmt"/>
        <line num="159" count="5" type="cond" truecount="2" falsecount="0"/>
        <line num="160" count="2" type="stmt"/>
        <line num="161" count="3" type="cond" truecount="2" falsecount="0"/>
        <line num="163" count="1" type="stmt"/>
        <line num="164" count="1" type="stmt"/>
        <line num="165" count="1" type="cond" truecount="1" falsecount="1"/>
        <line num="166" count="1" type="stmt"/>
        <line num="167" count="1" type="stmt"/>
        <line num="170" count="2" type="cond" truecount="2" falsecount="0"/>
        <line num="171" count="1" type="stmt"/>
        <line num="172" count="1" type="cond" truecount="1" falsecount="1"/>
        <line num="173" count="1" type="stmt"/>
        <line num="174" count="1" type="stmt"/>
        <line num="175" count="1" type="stmt"/>
        <line num="176" count="2" type="cond" truecount="2" falsecount="0"/>
        <line num="177" count="1" type="cond" truecount="1" falsecount="1"/>
        <line num="178" count="1" type="stmt"/>
        <line num="180" count="1" type="stmt"/>
        <line num="185" count="3" type="stmt"/>
        <line num="194" count="1" type="cond" truecount="2" falsecount="0"/>
        <line num="206" count="0" type="cond" truecount="0" falsecount="2"/>
        <line num="224" count="1" type="stmt"/>
        <line num="225" count="0" type="stmt"/>
        <line num="245" count="1" type="stmt"/>
      </file>
      <file name="AnswerQuickItem.tsx" path="/Users/kenseikajiwara/fixed_issues_kajiwara_kensei/src/frontend/components/answer/AnswerQuickItem.tsx">
        <metrics statements="32" coveredstatements="9" conditionals="16" coveredconditionals="2" methods="11" coveredmethods="0"/>
        <line num="1" count="1" type="stmt"/>
        <line num="3" count="1" type="stmt"/>
        <line num="6" count="1" type="stmt"/>
        <line num="7" count="1" type="stmt"/>
        <line num="8" count="1" type="stmt"/>
        <line num="9" count="1" type="stmt"/>
        <line num="24" count="1" type="stmt"/>
        <line num="25" count="0" type="stmt"/>
        <line num="26" count="0" type="stmt"/>
        <line num="27" count="0" type="stmt"/>
        <line num="30" count="0" type="stmt"/>
        <line num="35" count="0" type="stmt"/>
        <line num="37" count="0" type="stmt"/>
        <line num="48" count="1" type="cond" truecount="2" falsecount="0"/>
        <line num="81" count="0" type="stmt"/>
        <line num="82" count="0" type="stmt"/>
        <line num="83" count="0" type="stmt"/>
        <line num="85" count="0" type="stmt"/>
        <line num="87" count="0" type="stmt"/>
        <line num="91" count="0" type="stmt"/>
        <line num="92" count="0" type="stmt"/>
        <line num="95" count="0" type="stmt"/>
        <line num="96" count="0" type="stmt"/>
        <line num="99" count="0" type="stmt"/>
        <line num="100" count="0" type="cond" truecount="0" falsecount="4"/>
        <line num="101" count="0" type="stmt"/>
        <line num="104" count="0" type="stmt"/>
        <line num="107" count="0" type="stmt"/>
        <line num="126" count="0" type="stmt"/>
        <line num="136" count="0" type="stmt"/>
        <line num="140" count="0" type="stmt"/>
        <line num="156" count="1" type="stmt"/>
      </file>
      <file name="AnswerQuickList.tsx" path="/Users/kenseikajiwara/fixed_issues_kajiwara_kensei/src/frontend/components/answer/AnswerQuickList.tsx">
        <metrics statements="13" coveredstatements="7" conditionals="2" coveredconditionals="2" methods="3" coveredmethods="0"/>
        <line num="1" count="1" type="stmt"/>
        <line num="3" count="1" type="stmt"/>
        <line num="6" count="1" type="stmt"/>
        <line num="7" count="1" type="stmt"/>
        <line num="23" count="1" type="stmt"/>
        <line num="24" count="0" type="stmt"/>
        <line num="25" count="0" type="stmt"/>
        <line num="31" count="0" type="stmt"/>
        <line num="36" count="0" type="stmt"/>
        <line num="37" count="0" type="stmt"/>
        <line num="38" count="0" type="stmt"/>
        <line num="52" count="1" type="cond" truecount="2" falsecount="0"/>
        <line num="69" count="1" type="stmt"/>
      </file>
      <file name="AnswerResult.tsx" path="/Users/kenseikajiwara/fixed_issues_kajiwara_kensei/src/frontend/components/answer/AnswerResult.tsx">
        <metrics statements="13" coveredstatements="6" conditionals="2" coveredconditionals="2" methods="3" coveredmethods="0"/>
        <line num="4" count="1" type="stmt"/>
        <line num="6" count="1" type="stmt"/>
        <line num="7" count="1" type="stmt"/>
        <line num="20" count="1" type="stmt"/>
        <line num="21" count="0" type="stmt"/>
        <line num="22" count="0" type="stmt"/>
        <line num="24" count="0" type="stmt"/>
        <line num="25" count="0" type="stmt"/>
        <line num="28" count="0" type="stmt"/>
        <line num="29" count="0" type="stmt"/>
        <line num="32" count="0" type="stmt"/>
        <line num="48" count="1" type="cond" truecount="2" falsecount="0"/>
        <line num="55" count="1" type="stmt"/>
      </file>
      <file name="index.ts" path="/Users/kenseikajiwara/fixed_issues_kajiwara_kensei/src/frontend/components/answer/index.ts">
        <metrics statements="10" coveredstatements="10" conditionals="0" coveredconditionals="0" methods="0" coveredmethods="0"/>
        <line num="1" count="1" type="stmt"/>
        <line num="2" count="1" type="stmt"/>
        <line num="3" count="1" type="stmt"/>
        <line num="4" count="1" type="stmt"/>
        <line num="5" count="1" type="stmt"/>
        <line num="8" count="1" type="stmt"/>
        <line num="9" count="1" type="stmt"/>
        <line num="10" count="1" type="stmt"/>
        <line num="11" count="1" type="stmt"/>
        <line num="12" count="1" type="stmt"/>
      </file>
    </package>
    <package name="global">
      <metrics statements="115" coveredstatements="111" conditionals="52" coveredconditionals="48" methods="12" coveredmethods="12"/>
      <file name="index.ts" path="/Users/kenseikajiwara/fixed_issues_kajiwara_kensei/src/frontend/global/index.ts">
        <metrics statements="115" coveredstatements="111" conditionals="52" coveredconditionals="48" methods="12" coveredmethods="12"/>
        <line num="5" count="1" type="stmt"/>
        <line num="10" count="6" type="stmt"/>
        <line num="11" count="6" type="stmt"/>
        <line num="12" count="6" type="stmt"/>
        <line num="13" count="6" type="stmt"/>
        <line num="15" count="6" type="stmt"/>
        <line num="16" count="13" type="stmt"/>
        <line num="17" count="13" type="cond" truecount="2" falsecount="0"/>
        <line num="18" count="6" type="cond" truecount="1" falsecount="1"/>
        <line num="19" count="6" type="stmt"/>
        <line num="20" count="6" type="stmt"/>
        <line num="22" count="7" type="cond" truecount="2" falsecount="0"/>
        <line num="23" count="5" type="stmt"/>
        <line num="32" count="5" type="stmt"/>
        <line num="33" count="2" type="cond" truecount="1" falsecount="1"/>
        <line num="34" count="2" type="stmt"/>
        <line num="35" count="2" type="stmt"/>
        <line num="36" count="2" type="stmt"/>
        <line num="37" count="2" type="stmt"/>
        <line num="42" count="2" type="stmt"/>
        <line num="51" count="2" type="stmt"/>
        <line num="53" count="0" type="stmt"/>
        <line num="56" count="6" type="stmt"/>
        <line num="57" count="6" type="stmt"/>
        <line num="58" count="6" type="stmt"/>
        <line num="61" count="1" type="stmt"/>
        <line num="66" count="18" type="stmt"/>
        <line num="67" count="18" type="stmt"/>
        <line num="68" count="18" type="cond" truecount="4" falsecount="0"/>
        <line num="69" count="7" type="stmt"/>
        <line num="71" count="11" type="cond" truecount="2" falsecount="0"/>
        <line num="72" count="1" type="stmt"/>
        <line num="74" count="10" type="cond" truecount="2" falsecount="0"/>
        <line num="75" count="7" type="stmt"/>
        <line num="78" count="3" type="cond" truecount="2" falsecount="0"/>
        <line num="79" count="2" type="stmt"/>
        <line num="81" count="1" type="stmt"/>
        <line num="84" count="1" type="stmt"/>
        <line num="88" count="19" type="stmt"/>
        <line num="90" count="19" type="stmt"/>
        <line num="91" count="19" type="stmt"/>
        <line num="92" count="41" type="cond" truecount="2" falsecount="0"/>
        <line num="93" count="32" type="stmt"/>
        <line num="94" count="32" type="cond" truecount="2" falsecount="0"/>
        <line num="95" count="17" type="stmt"/>
        <line num="97" count="15" type="cond" truecount="2" falsecount="0"/>
        <line num="98" count="11" type="stmt"/>
        <line num="99" count="11" type="stmt"/>
        <line num="100" count="11" type="stmt"/>
        <line num="104" count="19" type="cond" truecount="2" falsecount="0"/>
        <line num="105" count="9" type="stmt"/>
        <line num="107" count="10" type="stmt"/>
        <line num="114" count="1" type="stmt"/>
        <line num="115" count="6" type="stmt"/>
        <line num="116" count="6" type="stmt"/>
        <line num="117" count="28" type="cond" truecount="2" falsecount="0"/>
        <line num="119" count="6" type="stmt"/>
        <line num="121" count="1" type="stmt"/>
        <line num="136" count="19" type="stmt"/>
        <line num="137" count="19" type="stmt"/>
        <line num="140" count="19" type="stmt"/>
        <line num="141" count="19" type="stmt"/>
        <line num="142" count="19" type="stmt"/>
        <line num="143" count="19" type="stmt"/>
        <line num="144" count="42" type="cond" truecount="2" falsecount="0"/>
        <line num="145" count="10" type="stmt"/>
        <line num="146" count="10" type="stmt"/>
        <line num="149" count="10" type="cond" truecount="4" falsecount="0"/>
        <line num="150" count="5" type="stmt"/>
        <line num="152" count="5" type="cond" truecount="1" falsecount="1"/>
        <line num="153" count="0" type="stmt"/>
        <line num="155" count="5" type="stmt"/>
        <line num="156" count="5" type="stmt"/>
        <line num="157" count="5" type="stmt"/>
        <line num="158" count="5" type="stmt"/>
        <line num="159" count="5" type="stmt"/>
        <line num="166" count="2" type="cond" truecount="2" falsecount="0"/>
        <line num="167" count="1" type="stmt"/>
        <line num="168" count="1" type="stmt"/>
        <line num="171" count="5" type="stmt"/>
        <line num="172" count="5" type="stmt"/>
        <line num="173" count="5" type="stmt"/>
        <line num="175" count="1" type="stmt"/>
        <line num="177" count="1" type="stmt"/>
        <line num="179" count="5" type="stmt"/>
        <line num="181" count="5" type="stmt"/>
        <line num="182" count="5" type="stmt"/>
        <line num="183" count="5" type="stmt"/>
        <line num="184" count="5" type="stmt"/>
        <line num="185" count="5" type="stmt"/>
        <line num="189" count="5" type="stmt"/>
        <line num="190" count="5" type="stmt"/>
        <line num="194" count="19" type="cond" truecount="2" falsecount="0"/>
        <line num="195" count="14" type="stmt"/>
        <line num="198" count="5" type="stmt"/>
        <line num="210" count="1" type="stmt"/>
        <line num="211" count="9" type="stmt"/>
        <line num="212" count="9" type="stmt"/>
        <line num="213" count="41" type="stmt"/>
        <line num="214" count="41" type="cond" truecount="2" falsecount="0"/>
        <line num="215" count="25" type="cond" truecount="2" falsecount="0"/>
        <line num="216" count="9" type="stmt"/>
        <line num="217" count="9" type="stmt"/>
        <line num="218" count="9" type="stmt"/>
        <line num="219" count="9" type="stmt"/>
        <line num="220" count="9" type="stmt"/>
        <line num="228" count="41" type="cond" truecount="1" falsecount="1"/>
        <line num="229" count="0" type="stmt"/>
        <line num="230" count="0" type="stmt"/>
        <line num="233" count="9" type="stmt"/>
        <line num="235" count="1" type="stmt"/>
        <line num="236" count="3" type="stmt"/>
        <line num="237" count="4" type="cond" truecount="2" falsecount="0"/>
        <line num="239" count="3" type="cond" truecount="2" falsecount="0"/>
        <line num="240" count="2" type="stmt"/>
      </file>
    </package>
  </project>
</coverage>
