TN:
SF:components/answer/AnswerInput.tsx
FN:26,(anonymous_2)
FN:29,(anonymous_3)
FN:34,(anonymous_4)
FN:45,(anonymous_5)
FN:94,(anonymous_6)
FNF:5
FNH:0
FNDA:0,(anonymous_2)
FNDA:0,(anonymous_3)
FNDA:0,(anonymous_4)
FNDA:0,(anonymous_5)
FNDA:0,(anonymous_6)
DA:4,1
DA:6,1
DA:9,1
DA:26,1
DA:27,0
DA:29,0
DA:34,0
DA:40,0
DA:45,0
DA:58,1
DA:60,1
DA:85,1
DA:95,0
DA:108,1
DA:112,1
LF:15
LH:9
BRDA:34,0,0,0
BRDA:34,0,1,0
BRDA:42,1,0,0
BRDA:42,1,1,0
BRDA:45,2,0,0
BRDA:45,2,1,0
BRDA:46,3,0,0
BRDA:46,3,1,0
BRDA:58,4,0,1
BRDA:58,4,1,1
BRDA:60,5,0,1
BRDA:60,5,1,1
BRDA:85,6,0,1
BRDA:85,6,1,1
BRDA:95,7,0,0
BRDA:95,7,1,0
BRF:16
BRH:6
end_of_record
TN:
SF:components/answer/AnswerPage.tsx
FN:27,(anonymous_4)
FN:42,(anonymous_5)
FN:50,(anonymous_6)
FN:52,(anonymous_7)
FN:54,(anonymous_8)
FN:60,(anonymous_9)
FN:62,(anonymous_10)
FN:64,(anonymous_11)
FN:67,(anonymous_12)
FN:78,(anonymous_14)
FN:80,(anonymous_15)
FN:81,(anonymous_16)
FN:89,(anonymous_17)
FN:156,(anonymous_18)
FN:158,(anonymous_19)
FN:206,(anonymous_20)
FN:224,(anonymous_21)
FNF:17
FNH:2
FNDA:0,(anonymous_4)
FNDA:0,(anonymous_5)
FNDA:0,(anonymous_6)
FNDA:0,(anonymous_7)
FNDA:0,(anonymous_8)
FNDA:0,(anonymous_9)
FNDA:0,(anonymous_10)
FNDA:0,(anonymous_11)
FNDA:0,(anonymous_12)
FNDA:0,(anonymous_14)
FNDA:0,(anonymous_15)
FNDA:0,(anonymous_16)
FNDA:0,(anonymous_17)
FNDA:3,(anonymous_18)
FNDA:5,(anonymous_19)
FNDA:0,(anonymous_20)
FNDA:0,(anonymous_21)
DA:4,1
DA:6,1
DA:7,1
DA:11,1
DA:12,1
DA:13,1
DA:14,1
DA:15,1
DA:16,1
DA:18,1
DA:27,1
DA:42,1
DA:43,0
DA:44,0
DA:45,0
DA:46,0
DA:47,0
DA:50,0
DA:51,0
DA:52,0
DA:54,0
DA:55,0
DA:56,0
DA:60,0
DA:61,0
DA:62,0
DA:64,0
DA:65,0
DA:67,0
DA:78,0
DA:80,0
DA:81,0
DA:90,0
DA:91,0
DA:92,0
DA:129,0
DA:156,1
DA:157,3
DA:158,3
DA:159,5
DA:160,2
DA:161,3
DA:163,1
DA:164,1
DA:165,1
DA:166,1
DA:167,1
DA:170,2
DA:171,1
DA:172,1
DA:173,1
DA:174,1
DA:175,1
DA:176,2
DA:177,1
DA:178,1
DA:180,1
DA:185,3
DA:194,1
DA:206,0
DA:224,1
DA:225,0
DA:245,1
LF:63
LH:37
BRDA:105,0,0,0
BRDA:105,0,1,0
BRDA:134,1,0,0
BRDA:134,1,1,0
BRDA:138,2,0,0
BRDA:138,2,1,0
BRDA:159,3,0,2
BRDA:159,3,1,3
BRDA:161,4,0,1
BRDA:161,4,1,2
BRDA:165,5,0,1
BRDA:165,5,1,0
BRDA:170,6,0,1
BRDA:170,6,1,1
BRDA:172,7,0,1
BRDA:172,7,1,0
BRDA:176,8,0,1
BRDA:176,8,1,1
BRDA:177,9,0,1
BRDA:177,9,1,0
BRDA:194,10,0,1
BRDA:194,10,1,1
BRDA:206,11,0,0
BRDA:206,11,1,0
BRF:24
BRH:13
end_of_record
TN:
SF:components/answer/AnswerQuickItem.tsx
FN:24,(anonymous_5)
FN:26,(anonymous_6)
FN:80,SplitButton
FN:85,(anonymous_8)
FN:87,(anonymous_9)
FN:95,(anonymous_10)
FN:96,(anonymous_11)
FN:99,(anonymous_12)
FN:126,(anonymous_13)
FN:136,(anonymous_14)
FN:140,(anonymous_15)
FNF:11
FNH:0
FNDA:0,(anonymous_5)
FNDA:0,(anonymous_6)
FNDA:0,SplitButton
FNDA:0,(anonymous_8)
FNDA:0,(anonymous_9)
FNDA:0,(anonymous_10)
FNDA:0,(anonymous_11)
FNDA:0,(anonymous_12)
FNDA:0,(anonymous_13)
FNDA:0,(anonymous_14)
FNDA:0,(anonymous_15)
DA:1,1
DA:3,1
DA:6,1
DA:7,1
DA:8,1
DA:9,1
DA:24,1
DA:25,0
DA:26,0
DA:27,0
DA:30,0
DA:35,0
DA:37,0
DA:48,1
DA:81,0
DA:82,0
DA:83,0
DA:85,0
DA:87,0
DA:91,0
DA:92,0
DA:95,0
DA:96,0
DA:99,0
DA:100,0
DA:101,0
DA:104,0
DA:107,0
DA:126,0
DA:136,0
DA:140,0
DA:156,1
LF:32
LH:9
BRDA:40,0,0,0
BRDA:40,0,1,0
BRDA:48,1,0,1
BRDA:48,1,1,1
BRDA:100,2,0,0
BRDA:100,2,1,0
BRDA:100,3,0,0
BRDA:100,3,1,0
BRDA:111,4,0,0
BRDA:111,4,1,0
BRDA:116,5,0,0
BRDA:116,5,1,0
BRDA:117,6,0,0
BRDA:117,6,1,0
BRDA:130,7,0,0
BRDA:130,7,1,0
BRF:16
BRH:2
end_of_record
TN:
SF:components/answer/AnswerQuickList.tsx
FN:23,(anonymous_4)
FN:31,(anonymous_5)
FN:35,(anonymous_6)
FNF:3
FNH:0
FNDA:0,(anonymous_4)
FNDA:0,(anonymous_5)
FNDA:0,(anonymous_6)
DA:1,1
DA:3,1
DA:6,1
DA:7,1
DA:23,1
DA:24,0
DA:25,0
DA:31,0
DA:36,0
DA:37,0
DA:38,0
DA:52,1
DA:69,1
LF:13
LH:7
BRDA:52,0,0,1
BRDA:52,0,1,1
BRF:2
BRH:2
end_of_record
TN:
SF:components/answer/AnswerResult.tsx
FN:20,(anonymous_2)
FN:24,(anonymous_3)
FN:28,(anonymous_4)
FNF:3
FNH:0
FNDA:0,(anonymous_2)
FNDA:0,(anonymous_3)
FNDA:0,(anonymous_4)
DA:4,1
DA:6,1
DA:7,1
DA:20,1
DA:21,0
DA:22,0
DA:24,0
DA:25,0
DA:28,0
DA:29,0
DA:32,0
DA:48,1
DA:55,1
LF:13
LH:6
BRDA:48,0,0,1
BRDA:48,0,1,1
BRF:2
BRH:2
end_of_record
TN:
SF:components/answer/index.ts
FNF:0
FNH:0
DA:1,1
DA:2,1
DA:3,1
DA:4,1
DA:5,1
DA:8,1
DA:9,1
DA:10,1
DA:11,1
DA:12,1
LF:10
LH:10
BRF:0
BRH:0
end_of_record
TN:
SF:global/index.ts
FN:5,(anonymous_1)
FN:61,(anonymous_2)
FN:84,(anonymous_3)
FN:91,(anonymous_4)
FN:114,(anonymous_5)
FN:116,(anonymous_6)
FN:121,(anonymous_7)
FN:143,(anonymous_8)
FN:145,(anonymous_9)
FN:210,(anonymous_10)
FN:235,(anonymous_11)
FN:236,(anonymous_12)
FNF:12
FNH:12
FNDA:6,(anonymous_1)
FNDA:18,(anonymous_2)
FNDA:19,(anonymous_3)
FNDA:41,(anonymous_4)
FNDA:6,(anonymous_5)
FNDA:28,(anonymous_6)
FNDA:19,(anonymous_7)
FNDA:42,(anonymous_8)
FNDA:10,(anonymous_9)
FNDA:9,(anonymous_10)
FNDA:3,(anonymous_11)
FNDA:4,(anonymous_12)
DA:5,1
DA:10,6
DA:11,6
DA:12,6
DA:13,6
DA:15,6
DA:16,13
DA:17,13
DA:18,6
DA:19,6
DA:20,6
DA:22,7
DA:23,5
DA:32,5
DA:33,2
DA:34,2
DA:35,2
DA:36,2
DA:37,2
DA:42,2
DA:51,2
DA:53,0
DA:56,6
DA:57,6
DA:58,6
DA:61,1
DA:66,18
DA:67,18
DA:68,18
DA:69,7
DA:71,11
DA:72,1
DA:74,10
DA:75,7
DA:78,3
DA:79,2
DA:81,1
DA:84,1
DA:88,19
DA:90,19
DA:91,19
DA:92,41
DA:93,32
DA:94,32
DA:95,17
DA:97,15
DA:98,11
DA:99,11
DA:100,11
DA:104,19
DA:105,9
DA:107,10
DA:114,1
DA:115,6
DA:116,6
DA:117,28
DA:119,6
DA:121,1
DA:136,19
DA:137,19
DA:140,19
DA:141,19
DA:142,19
DA:143,19
DA:144,42
DA:145,10
DA:146,10
DA:149,10
DA:150,5
DA:152,5
DA:153,0
DA:155,5
DA:156,5
DA:157,5
DA:158,5
DA:159,5
DA:166,2
DA:167,1
DA:168,1
DA:171,5
DA:172,5
DA:173,5
DA:175,1
DA:177,1
DA:179,5
DA:181,5
DA:182,5
DA:183,5
DA:184,5
DA:185,5
DA:189,5
DA:190,5
DA:194,19
DA:195,14
DA:198,5
DA:210,1
DA:211,9
DA:212,9
DA:213,41
DA:214,41
DA:215,25
DA:216,9
DA:217,9
DA:218,9
DA:219,9
DA:220,9
DA:228,41
DA:229,0
DA:230,0
DA:233,9
DA:235,1
DA:236,3
DA:237,4
DA:239,3
DA:240,2
LF:115
LH:111
BRDA:17,0,0,6
BRDA:17,0,1,7
BRDA:18,1,0,6
BRDA:18,1,1,0
BRDA:22,2,0,5
BRDA:22,2,1,2
BRDA:33,3,0,2
BRDA:33,3,1,0
BRDA:68,4,0,7
BRDA:68,4,1,11
BRDA:68,5,0,18
BRDA:68,5,1,8
BRDA:71,6,0,1
BRDA:71,6,1,10
BRDA:74,7,0,7
BRDA:74,7,1,3
BRDA:78,8,0,2
BRDA:78,8,1,1
BRDA:92,9,0,32
BRDA:92,9,1,9
BRDA:94,10,0,17
BRDA:94,10,1,15
BRDA:97,11,0,11
BRDA:97,11,1,4
BRDA:104,12,0,9
BRDA:104,12,1,10
BRDA:117,13,0,28
BRDA:117,13,1,23
BRDA:144,14,0,10
BRDA:144,14,1,32
BRDA:149,15,0,5
BRDA:149,15,1,5
BRDA:149,16,0,10
BRDA:149,16,1,5
BRDA:152,17,0,0
BRDA:152,17,1,5
BRDA:160,18,0,6
BRDA:160,18,1,6
BRDA:166,19,0,1
BRDA:166,19,1,1
BRDA:194,20,0,14
BRDA:194,20,1,5
BRDA:214,21,0,25
BRDA:214,21,1,16
BRDA:215,22,0,9
BRDA:215,22,1,16
BRDA:228,23,0,0
BRDA:228,23,1,41
BRDA:237,24,0,2
BRDA:237,24,1,2
BRDA:239,25,0,1
BRDA:239,25,1,2
BRF:52
BRH:48
end_of_record
